<?xml version="1.0" encoding="UTF-8"?>
<!-- Generated by org.testng.reporters.JUnitReportReporter -->
<testsuite hostname="PSSHYDSYS007" failures="0" tests="3" name="testCases.OrganizationMaster_PageTest" time="189.006" errors="0" timestamp="2023-01-25T13:54:15 IST" skipped="0">
  <testcase classname="testCases.OrganizationMaster_PageTest" name="ValidatetheOrgnanizationMasterURL" time="46.316"/>
  <system-out/>
  <testcase classname="testCases.OrganizationMaster_PageTest" name="OrganizationMasterdata" time="74.575"/>
  <system-out/>
  <testcase classname="testCases.OrganizationMaster_PageTest" name="DeleteOrgMaster" time="68.115"/>
  <system-out/>
</testsuite> <!-- testCases.OrganizationMaster_PageTest -->
