<?xml version="1.0" encoding="UTF-8"?>
<!-- Generated by org.testng.reporters.JUnitReportReporter -->
<testsuite hostname="PSSHYDSYS007" failures="0" tests="3" name="testCases.BranchMaster_PageTest" time="156.882" errors="0" timestamp="2023-01-25T17:22:48 IST" skipped="0">
  <testcase classname="testCases.BranchMaster_PageTest" name="validateHomePageTestURL" time="38.573"/>
  <system-out/>
  <testcase classname="testCases.BranchMaster_PageTest" name="BranchMasterData" time="55.704"/>
  <system-out/>
  <testcase classname="testCases.BranchMaster_PageTest" name="deletebranch" time="62.605"/>
  <system-out/>
</testsuite> <!-- testCases.BranchMaster_PageTest -->
