<?xml version="1.0" encoding="UTF-8"?>
<!-- Generated by org.testng.reporters.JUnitReportReporter -->
<testsuite hostname="PSSHYDSYS007" failures="0" tests="3" name="testCases.LoginTest" time="41.190" errors="0" timestamp="2022-09-26T22:56:36 IST" skipped="0">
  <testcase classname="testCases.LoginTest" name="ValidateURL" time="8.739"/>
  <system-out/>
  <testcase classname="testCases.LoginTest" name="loginPageTitleTest" time="7.980"/>
  <system-out/>
  <testcase classname="testCases.LoginTest" name="loginTest" time="24.471"/>
  <system-out/>
</testsuite> <!-- testCases.LoginTest -->
