<?xml version="1.0" encoding="UTF-8"?>
<!-- Generated by org.testng.reporters.JUnitReportReporter -->
<testsuite hostname="PSSHYDSYS007" failures="0" tests="6" name="testCases.Dashboard_TestPage" time="267.117" errors="0" timestamp="2022-09-26T17:57:05 IST" skipped="0">
  <testcase classname="testCases.Dashboard_TestPage" name="validateHomePageURL" time="38.429"/>
  <system-out/>
  <testcase classname="testCases.Dashboard_TestPage" name="validateHomePage" time="44.454"/>
  <system-out/>
  <testcase classname="testCases.Dashboard_TestPage" name="ValidateLogo" time="43.690"/>
  <system-out/>
  <testcase classname="testCases.Dashboard_TestPage" name="allelementsTest" time="48.255"/>
  <system-out/>
  <testcase classname="testCases.Dashboard_TestPage" name="alllinksTest" time="49.029"/>
  <system-out/>
  <testcase classname="testCases.Dashboard_TestPage" name="workLocationTest" time="43.260"/>
  <system-out/>
</testsuite> <!-- testCases.Dashboard_TestPage -->
