<?xml version="1.0" encoding="UTF-8"?>
<!-- Generated by org.testng.reporters.JUnitReportReporter -->
<testsuite hostname="PSSHYDSYS007" failures="0" tests="2" name="testCases.Login_PageTest$LoginPageTest" time="13.290" errors="0" timestamp="2022-09-07T16:24:48 IST" skipped="0">
  <testcase classname="testCases.Login_PageTest$LoginPageTest" name="loginPageTitleTest" time="0.308"/>
  <system-out/>
  <testcase classname="testCases.Login_PageTest$LoginPageTest" name="loginTest" time="12.982"/>
  <system-out/>
</testsuite> <!-- testCases.Login_PageTest$LoginPageTest -->
