<?xml version="1.0" encoding="UTF-8"?>
<!-- Generated by org.testng.reporters.JUnitReportReporter -->
<testsuite hostname="PSSHYDSYS007" failures="0" tests="3" name="testCases.LocationMaster_PageTest" time="186.786" errors="0" timestamp="2023-01-25T15:45:54 IST" skipped="0">
  <testcase classname="testCases.LocationMaster_PageTest" name="ValidatethelocationMasterURL" time="48.878"/>
  <system-out/>
  <testcase classname="testCases.LocationMaster_PageTest" name="LocationMasterData" time="78.092"/>
  <system-out/>
  <testcase classname="testCases.LocationMaster_PageTest" name="DeleteOrgMaster" time="59.816"/>
  <system-out/>
</testsuite> <!-- testCases.LocationMaster_PageTest -->
