<?xml version="1.0" encoding="UTF-8"?>
<!-- Generated by org.testng.reporters.JUnitReportReporter -->
<testsuite hostname="PSSHYDSYS007" failures="0" tests="2" name="testCases.DepartmentName_PageTest" time="48.975" errors="0" timestamp="2022-09-26T20:02:12 IST" skipped="0">
  <testcase classname="testCases.DepartmentName_PageTest" name="DepartmentData" time="23.545"/>
  <system-out/>
  <testcase classname="testCases.DepartmentName_PageTest" name="DepartmentData" time="25.430"/>
  <system-out/>
</testsuite> <!-- testCases.DepartmentName_PageTest -->
