<?xml version="1.0" encoding="UTF-8"?>
<!-- Generated by org.testng.reporters.JUnitReportReporter -->
<testsuite hostname="PSSHYDSYS007" failures="0" tests="3" name="testCases.LoginTest" time="35.050" errors="0" timestamp="2022-09-26T17:57:05 IST" skipped="0">
  <testcase classname="testCases.LoginTest" name="ValidateURL" time="6.831"/>
  <system-out/>
  <testcase classname="testCases.LoginTest" name="loginPageTitleTest" time="10.285"/>
  <system-out/>
  <testcase classname="testCases.LoginTest" name="loginTest" time="17.934"/>
  <system-out/>
</testsuite> <!-- testCases.LoginTest -->
