<?xml version="1.0" encoding="UTF-8"?>
<!-- Generated by org.testng.reporters.JUnitReportReporter -->
<testsuite hostname="PSSHYDSYS007" failures="0" tests="2" name="testCases.DepartmentName_PageTest" time="66.033" errors="0" timestamp="2023-01-25T11:06:52 IST" skipped="0">
  <testcase classname="testCases.DepartmentName_PageTest" name="DepartmentData" time="23.930"/>
  <system-out/>
  <testcase classname="testCases.DepartmentName_PageTest" name="deleteDepartmentTest" time="42.103"/>
  <system-out/>
</testsuite> <!-- testCases.DepartmentName_PageTest -->
