<?xml version="1.0" encoding="UTF-8"?>
<!-- Generated by org.testng.reporters.JUnitReportReporter -->
<testsuite hostname="PSSHYDSYS007" failures="0" tests="8" name="testCases.Dashboard_TestPage" time="356.575" errors="0" timestamp="2022-09-26T22:56:36 IST" skipped="0">
  <testcase classname="testCases.Dashboard_TestPage" name="validateHomePageURL" time="41.988"/>
  <system-out/>
  <testcase classname="testCases.Dashboard_TestPage" name="validateHomePage" time="42.991"/>
  <system-out/>
  <testcase classname="testCases.Dashboard_TestPage" name="ValidateLogo" time="42.501"/>
  <system-out/>
  <testcase classname="testCases.Dashboard_TestPage" name="allelementsTest" time="49.604"/>
  <system-out/>
  <testcase classname="testCases.Dashboard_TestPage" name="alllinksTest" time="51.548"/>
  <system-out/>
  <testcase classname="testCases.Dashboard_TestPage" name="workLocationTest" time="47.138"/>
  <system-out/>
  <testcase classname="testCases.Dashboard_TestPage" name="checkOutTest" time="42.507"/>
  <system-out/>
  <testcase classname="testCases.Dashboard_TestPage" name="clockOutTest" time="38.298"/>
  <system-out/>
</testsuite> <!-- testCases.Dashboard_TestPage -->
