<?xml version="1.0" encoding="UTF-8"?>
<!-- Generated by org.testng.reporters.JUnitReportReporter -->
<testsuite hostname="PSSHYDSYS007" failures="0" tests="2" name="testCases.LoginTest" time="32.722" errors="0" timestamp="2022-09-12T14:15:30 IST" skipped="0">
  <testcase classname="testCases.LoginTest" name="loginPageTitleTest" time="5.697"/>
  <system-out/>
  <testcase classname="testCases.LoginTest" name="loginTest" time="27.025"/>
  <system-out/>
</testsuite> <!-- testCases.LoginTest -->
